<?xml version="1.0" encoding="UTF-8"?>
<coverage generated="1705504783854" clover="3.2.0">
  <project timestamp="1705504783854" name="All files">
    <metrics statements="29" coveredstatements="18" conditionals="14" coveredconditionals="4" methods="13" coveredmethods="5" elements="56" coveredelements="27" complexity="0" loc="29" ncloc="29" packages="3" files="5" classes="5"/>
    <package name="Components">
      <metrics statements="24" coveredstatements="14" conditionals="14" coveredconditionals="4" methods="9" coveredmethods="2"/>
      <file name="AppBanner.js" path="C:\Users\Charlie (Personal)\Desktop\Code_Playground\CAPSTONE PROJECTS\BJJ_Training_Notes\RollReviewProductionSeptember\RollReviewProduction\Components\AppBanner.js">
        <metrics statements="1" coveredstatements="1" conditionals="0" coveredconditionals="0" methods="1" coveredmethods="1"/>
        <line num="4" count="1" type="stmt"/>
      </file>
      <file name="ClippedVideoPlayback.js" path="C:\Users\Charlie (Personal)\Desktop\Code_Playground\CAPSTONE PROJECTS\BJJ_Training_Notes\RollReviewProductionSeptember\RollReviewProduction\Components\ClippedVideoPlayback.js">
        <metrics statements="23" coveredstatements="13" conditionals="14" coveredconditionals="4" methods="8" coveredmethods="1"/>
        <line num="19" count="1" type="stmt"/>
        <line num="20" count="1" type="stmt"/>
        <line num="22" count="1" type="stmt"/>
        <line num="23" count="0" type="stmt"/>
        <line num="24" count="0" type="stmt"/>
        <line num="28" count="1" type="stmt"/>
        <line num="29" count="0" type="cond" truecount="0" falsecount="2"/>
        <line num="35" count="1" type="cond" truecount="1" falsecount="1"/>
        <line num="36" count="1" type="stmt"/>
        <line num="37" count="1" type="stmt"/>
        <line num="38" count="1" type="stmt"/>
        <line num="39" count="1" type="stmt"/>
        <line num="40" count="1" type="stmt"/>
        <line num="41" count="1" type="stmt"/>
        <line num="43" count="1" type="cond" truecount="3" falsecount="1"/>
        <line num="48" count="0" type="cond" truecount="0" falsecount="2"/>
        <line num="66" count="0" type="cond" truecount="0" falsecount="2"/>
        <line num="67" count="0" type="stmt"/>
        <line num="68" count="0" type="stmt"/>
        <line num="71" count="0" type="stmt"/>
        <line num="76" count="0" type="stmt"/>
        <line num="96" count="0" type="stmt"/>
        <line num="123" count="1" type="stmt"/>
      </file>
    </package>
    <package name="assets">
      <metrics statements="1" coveredstatements="1" conditionals="0" coveredconditionals="0" methods="0" coveredmethods="0"/>
      <file name="RollReview2.png" path="C:\Users\Charlie (Personal)\Desktop\Code_Playground\CAPSTONE PROJECTS\BJJ_Training_Notes\RollReviewProductionSeptember\RollReviewProduction\assets\RollReview2.png">
        <metrics statements="1" coveredstatements="1" conditionals="0" coveredconditionals="0" methods="0" coveredmethods="0"/>
        <line num="1" count="1" type="stmt"/>
      </file>
    </package>
    <package name="tests.SnapShotTests">
      <metrics statements="4" coveredstatements="3" conditionals="0" coveredconditionals="0" methods="4" coveredmethods="3"/>
      <file name="TestComponent.js" path="C:\Users\Charlie (Personal)\Desktop\Code_Playground\CAPSTONE PROJECTS\BJJ_Training_Notes\RollReviewProductionSeptember\RollReviewProduction\tests\SnapShotTests\TestComponent.js">
        <metrics statements="3" coveredstatements="3" conditionals="0" coveredconditionals="0" methods="3" coveredmethods="3"/>
        <line num="6" count="3" type="stmt"/>
        <line num="7" count="3" type="stmt"/>
        <line num="9" count="3" type="stmt"/>
      </file>
      <file name="testComponentChild.js" path="C:\Users\Charlie (Personal)\Desktop\Code_Playground\CAPSTONE PROJECTS\BJJ_Training_Notes\RollReviewProductionSeptember\RollReviewProduction\tests\SnapShotTests\testComponentChild.js">
        <metrics statements="1" coveredstatements="0" conditionals="0" coveredconditionals="0" methods="1" coveredmethods="0"/>
        <line num="5" count="0" type="stmt"/>
      </file>
    </package>
  </project>
</coverage>
