{"C:\\Users\\Charlie (Personal)\\Desktop\\Code_Playground\\CAPSTONE PROJECTS\\BJJ_Training_Notes\\RollReviewProductionSeptember\\RollReviewProduction\\Components\\AppBanner.js": {"path":"C:\\Users\\Charlie (Personal)\\Desktop\\Code_Playground\\CAPSTONE PROJECTS\\BJJ_Training_Notes\\RollReviewProductionSeptember\\RollReviewProduction\\Components\\AppBanner.js","statementMap":{"0":{"start":{"line":4,"column":4},"end":{"line":10,"column":5}}},"fnMap":{"0":{"name":"AppBanner","decl":{"start":{"line":3,"column":24},"end":{"line":3,"column":33}},"loc":{"start":{"line":3,"column":35},"end":{"line":12,"column":1}},"line":3}},"branchMap":{},"s":{"0":1},"f":{"0":1},"b":{},"_coverageSchema":"1a1c01bbd47fc00a2c39e90264f33305004495a9","hash":"6d949edf63565b607135ce1ae0335fc0d1e270ed"}
,"C:\\Users\\Charlie (Personal)\\Desktop\\Code_Playground\\CAPSTONE PROJECTS\\BJJ_Training_Notes\\RollReviewProductionSeptember\\RollReviewProduction\\Components\\ClippedVideoPlayback.js": {"path":"C:\\Users\\Charlie (Personal)\\Desktop\\Code_Playground\\CAPSTONE PROJECTS\\BJJ_Training_Notes\\RollReviewProductionSeptember\\RollReviewProduction\\Components\\ClippedVideoPlayback.js","statementMap":{"0":{"start":{"line":19,"column":19},"end":{"line":19,"column":37}},"1":{"start":{"line":20,"column":30},"end":{"line":20,"column":42}},"2":{"start":{"line":22,"column":23},"end":{"line":25,"column":3}},"3":{"start":{"line":23,"column":2},"end":{"line":23,"column":64}},"4":{"start":{"line":24,"column":2},"end":{"line":24,"column":31}},"5":{"start":{"line":28,"column":2},"end":{"line":30,"column":34}},"6":{"start":{"line":29,"column":4},"end":{"line":29,"column":49}},"7":{"start":{"line":29,"column":26},"end":{"line":29,"column":48}},"8":{"start":{"line":35,"column":23},"end":{"line":35,"column":125}},"9":{"start":{"line":36,"column":18},"end":{"line":36,"column":96}},"10":{"start":{"line":37,"column":21},"end":{"line":37,"column":52}},"11":{"start":{"line":38,"column":14},"end":{"line":38,"column":44}},"12":{"start":{"line":39,"column":15},"end":{"line":39,"column":35}},"13":{"start":{"line":40,"column":16},"end":{"line":40,"column":39}},"14":{"start":{"line":41,"column":15},"end":{"line":41,"column":39}},"15":{"start":{"line":43,"column":2},"end":{"line":118,"column":5}},"16":{"start":{"line":48,"column":6},"end":{"line":48,"column":85}},"17":{"start":{"line":66,"column":12},"end":{"line":75,"column":13}},"18":{"start":{"line":67,"column":39},"end":{"line":70,"column":17}},"19":{"start":{"line":68,"column":16},"end":{"line":68,"column":86}},"20":{"start":{"line":71,"column":16},"end":{"line":71,"column":32}},"21":{"start":{"line":76,"column":12},"end":{"line":76,"column":42}},"22":{"start":{"line":76,"column":35},"end":{"line":76,"column":41}},"23":{"start":{"line":96,"column":19},"end":{"line":96,"column":29}},"24":{"start":{"line":123,"column":15},"end":{"line":131,"column":2}}},"fnMap":{"0":{"name":"ClippedVideoPlayback","decl":{"start":{"line":10,"column":24},"end":{"line":10,"column":44}},"loc":{"start":{"line":15,"column":13},"end":{"line":121,"column":1}},"line":15},"1":{"name":"(anonymous_1)","decl":{"start":{"line":22,"column":23},"end":{"line":22,"column":24}},"loc":{"start":{"line":22,"column":43},"end":{"line":25,"column":3}},"line":22},"2":{"name":"(anonymous_2)","decl":{"start":{"line":28,"column":12},"end":{"line":28,"column":13}},"loc":{"start":{"line":28,"column":18},"end":{"line":30,"column":3}},"line":28},"3":{"name":"(anonymous_3)","decl":{"start":{"line":47,"column":13},"end":{"line":47,"column":14}},"loc":{"start":{"line":47,"column":17},"end":{"line":49,"column":5}},"line":47},"4":{"name":"(anonymous_4)","decl":{"start":{"line":65,"column":32},"end":{"line":65,"column":33}},"loc":{"start":{"line":65,"column":44},"end":{"line":77,"column":9}},"line":65},"5":{"name":"(anonymous_5)","decl":{"start":{"line":67,"column":39},"end":{"line":67,"column":40}},"loc":{"start":{"line":67,"column":48},"end":{"line":70,"column":17}},"line":67},"6":{"name":"(anonymous_6)","decl":{"start":{"line":76,"column":29},"end":{"line":76,"column":30}},"loc":{"start":{"line":76,"column":35},"end":{"line":76,"column":41}},"line":76},"7":{"name":"(anonymous_7)","decl":{"start":{"line":96,"column":13},"end":{"line":96,"column":14}},"loc":{"start":{"line":96,"column":17},"end":{"line":96,"column":30}},"line":96}},"branchMap":{"0":{"loc":{"start":{"line":29,"column":4},"end":{"line":29,"column":49}},"type":"if","locations":[{"start":{"line":29,"column":4},"end":{"line":29,"column":49}},{"start":{},"end":{}}],"line":29},"1":{"loc":{"start":{"line":35,"column":23},"end":{"line":35,"column":125}},"type":"cond-expr","locations":[{"start":{"line":35,"column":52},"end":{"line":35,"column":90}},{"start":{"line":35,"column":93},"end":{"line":35,"column":125}}],"line":35},"2":{"loc":{"start":{"line":43,"column":9},"end":{"line":118,"column":5}},"type":"cond-expr","locations":[{"start":{"line":44,"column":4},"end":{"line":90,"column":7}},{"start":{"line":93,"column":2},"end":{"line":118,"column":5}}],"line":43},"3":{"loc":{"start":{"line":43,"column":9},"end":{"line":43,"column":61}},"type":"binary-expr","locations":[{"start":{"line":43,"column":9},"end":{"line":43,"column":18}},{"start":{"line":43,"column":22},"end":{"line":43,"column":61}}],"line":43},"4":{"loc":{"start":{"line":48,"column":6},"end":{"line":48,"column":85}},"type":"cond-expr","locations":[{"start":{"line":48,"column":24},"end":{"line":48,"column":53}},{"start":{"line":48,"column":56},"end":{"line":48,"column":85}}],"line":48},"5":{"loc":{"start":{"line":61,"column":24},"end":{"line":61,"column":84}},"type":"cond-expr","locations":[{"start":{"line":61,"column":53},"end":{"line":61,"column":81}},{"start":{"line":61,"column":83},"end":{"line":61,"column":84}}],"line":61},"6":{"loc":{"start":{"line":66,"column":12},"end":{"line":75,"column":13}},"type":"if","locations":[{"start":{"line":66,"column":12},"end":{"line":75,"column":13}},{"start":{},"end":{}}],"line":66}},"s":{"0":1,"1":1,"2":1,"3":0,"4":0,"5":1,"6":0,"7":0,"8":1,"9":1,"10":1,"11":1,"12":1,"13":1,"14":1,"15":1,"16":0,"17":0,"18":0,"19":0,"20":0,"21":0,"22":0,"23":0,"24":1},"f":{"0":1,"1":0,"2":0,"3":0,"4":0,"5":0,"6":0,"7":0},"b":{"0":[0,0],"1":[0,1],"2":[0,1],"3":[1,1],"4":[0,0],"5":[0,0],"6":[0,0]},"_coverageSchema":"1a1c01bbd47fc00a2c39e90264f33305004495a9","hash":"d31276660615a808678e72225c51e42e64da4c27"}
,"C:\\Users\\Charlie (Personal)\\Desktop\\Code_Playground\\CAPSTONE PROJECTS\\BJJ_Training_Notes\\RollReviewProductionSeptember\\RollReviewProduction\\assets\\RollReview2.png": {"path":"C:\\Users\\Charlie (Personal)\\Desktop\\Code_Playground\\CAPSTONE PROJECTS\\BJJ_Training_Notes\\RollReviewProductionSeptember\\RollReviewProduction\\assets\\RollReview2.png","statementMap":{"0":{"start":{"line":1,"column":0},"end":{"line":1,"column":19}}},"fnMap":{},"branchMap":{},"s":{"0":1},"f":{},"b":{},"_coverageSchema":"1a1c01bbd47fc00a2c39e90264f33305004495a9","hash":"f47356a887bfed884df071032e3ea204cd8f959a"}
,"C:\\Users\\Charlie (Personal)\\Desktop\\Code_Playground\\CAPSTONE PROJECTS\\BJJ_Training_Notes\\RollReviewProductionSeptember\\RollReviewProduction\\tests\\SnapShotTests\\TestComponent.js": {"path":"C:\\Users\\Charlie (Personal)\\Desktop\\Code_Playground\\CAPSTONE PROJECTS\\BJJ_Training_Notes\\RollReviewProductionSeptember\\RollReviewProduction\\tests\\SnapShotTests\\TestComponent.js","statementMap":{"0":{"start":{"line":6,"column":34},"end":{"line":6,"column":45}},"1":{"start":{"line":7,"column":31},"end":{"line":7,"column":60}},"2":{"start":{"line":7,"column":36},"end":{"line":7,"column":59}},"3":{"start":{"line":7,"column":49},"end":{"line":7,"column":58}},"4":{"start":{"line":9,"column":8},"end":{"line":20,"column":24}}},"fnMap":{"0":{"name":"TestComponent","decl":{"start":{"line":5,"column":24},"end":{"line":5,"column":37}},"loc":{"start":{"line":5,"column":39},"end":{"line":21,"column":1}},"line":5},"1":{"name":"(anonymous_1)","decl":{"start":{"line":7,"column":31},"end":{"line":7,"column":32}},"loc":{"start":{"line":7,"column":35},"end":{"line":7,"column":60}},"line":7},"2":{"name":"(anonymous_2)","decl":{"start":{"line":7,"column":45},"end":{"line":7,"column":46}},"loc":{"start":{"line":7,"column":49},"end":{"line":7,"column":58}},"line":7}},"branchMap":{},"s":{"0":3,"1":3,"2":2,"3":2,"4":3},"f":{"0":3,"1":2,"2":2},"b":{},"_coverageSchema":"1a1c01bbd47fc00a2c39e90264f33305004495a9","hash":"2c20e53e0343ed94676a42afb46ca34845541e79"}
,"C:\\Users\\Charlie (Personal)\\Desktop\\Code_Playground\\CAPSTONE PROJECTS\\BJJ_Training_Notes\\RollReviewProductionSeptember\\RollReviewProduction\\tests\\SnapShotTests\\testComponentChild.js": {"path":"C:\\Users\\Charlie (Personal)\\Desktop\\Code_Playground\\CAPSTONE PROJECTS\\BJJ_Training_Notes\\RollReviewProductionSeptember\\RollReviewProduction\\tests\\SnapShotTests\\testComponentChild.js","statementMap":{"0":{"start":{"line":5,"column":4},"end":{"line":5,"column":48}}},"fnMap":{"0":{"name":"TestComponentChild","decl":{"start":{"line":4,"column":24},"end":{"line":4,"column":42}},"loc":{"start":{"line":4,"column":44},"end":{"line":6,"column":1}},"line":4}},"branchMap":{},"s":{"0":0},"f":{"0":0},"b":{},"_coverageSchema":"1a1c01bbd47fc00a2c39e90264f33305004495a9","hash":"8be00b34f2379a514c9e9a67952bea465daddd1d"}
}
