{"C:\\Users\\Charlie (Personal)\\Desktop\\BJJ_Training_Notes\\RollReviewProductionSeptember\\RollReviewProduction\\Functions\\FAKEfunctions.js": {"path":"C:\\Users\\Charlie (Personal)\\Desktop\\BJJ_Training_Notes\\RollReviewProductionSeptember\\RollReviewProduction\\Functions\\FAKEfunctions.js","statementMap":{"0":{"start":{"line":2,"column":2},"end":{"line":2,"column":27}},"1":{"start":{"line":3,"column":4},"end":{"line":3,"column":28}},"2":{"start":{"line":7,"column":4},"end":{"line":7,"column":21}},"3":{"start":{"line":10,"column":29},"end":{"line":10,"column":49}}},"fnMap":{"0":{"name":"sampleTestFunction","decl":{"start":{"line":1,"column":16},"end":{"line":1,"column":34}},"loc":{"start":{"line":1,"column":36},"end":{"line":4,"column":1}},"line":1},"1":{"name":"sortArr","decl":{"start":{"line":6,"column":16},"end":{"line":6,"column":23}},"loc":{"start":{"line":6,"column":28},"end":{"line":8,"column":1}},"line":6},"2":{"name":"unusedTest","decl":{"start":{"line":10,"column":16},"end":{"line":10,"column":26}},"loc":{"start":{"line":10,"column":28},"end":{"line":10,"column":50}},"line":10}},"branchMap":{},"s":{"0":2,"1":2,"2":1,"3":0},"f":{"0":2,"1":1,"2":0},"b":{},"_coverageSchema":"1a1c01bbd47fc00a2c39e90264f33305004495a9","hash":"0f18477bba64e338943f197a7a514c049fb42c83"}
}
