TN:
SF:Components\AppBanner.js
FN:3,AppBanner
FNF:1
FNH:1
FNDA:1,AppBanner
DA:4,1
LF:1
LH:1
BRF:0
BRH:0
end_of_record
TN:
SF:Components\ClippedVideoPlayback.js
FN:10,ClippedVideoPlayback
FN:22,(anonymous_1)
FN:28,(anonymous_2)
FN:47,(anonymous_3)
FN:65,(anonymous_4)
FN:67,(anonymous_5)
FN:76,(anonymous_6)
FN:96,(anonymous_7)
FNF:8
FNH:1
FNDA:1,ClippedVideoPlayback
FNDA:0,(anonymous_1)
FNDA:0,(anonymous_2)
FNDA:0,(anonymous_3)
FNDA:0,(anonymous_4)
FNDA:0,(anonymous_5)
FNDA:0,(anonymous_6)
FNDA:0,(anonymous_7)
DA:19,1
DA:20,1
DA:22,1
DA:23,0
DA:24,0
DA:28,1
DA:29,0
DA:35,1
DA:36,1
DA:37,1
DA:38,1
DA:39,1
DA:40,1
DA:41,1
DA:43,1
DA:48,0
DA:66,0
DA:67,0
DA:68,0
DA:71,0
DA:76,0
DA:96,0
DA:123,1
LF:23
LH:13
BRDA:29,0,0,0
BRDA:29,0,1,0
BRDA:35,1,0,0
BRDA:35,1,1,1
BRDA:43,2,0,0
BRDA:43,2,1,1
BRDA:43,3,0,1
BRDA:43,3,1,1
BRDA:48,4,0,0
BRDA:48,4,1,0
BRDA:61,5,0,0
BRDA:61,5,1,0
BRDA:66,6,0,0
BRDA:66,6,1,0
BRF:14
BRH:4
end_of_record
TN:
SF:Components\Modals\AddPositionInputText.js
FN:8,AddPositionInputText
FN:18,(anonymous_1)
FN:26,(anonymous_2)
FNF:3
FNH:1
FNDA:1,AddPositionInputText
FNDA:0,(anonymous_1)
FNDA:0,(anonymous_2)
DA:10,1
DA:13,1
DA:18,0
DA:27,0
DA:28,0
DA:29,0
DA:30,0
DA:32,0
LF:8
LH:2
BRDA:28,0,0,0
BRDA:28,0,1,0
BRDA:28,1,0,0
BRDA:28,1,1,0
BRF:4
BRH:0
end_of_record
TN:
SF:assets\RollReview2.png
FNF:0
FNH:0
DA:1,1
LF:1
LH:1
BRF:0
BRH:0
end_of_record
TN:
SF:tests\SnapShotTests\TestComponent.js
FN:5,TestComponent
FN:7,(anonymous_1)
FN:7,(anonymous_2)
FNF:3
FNH:3
FNDA:3,TestComponent
FNDA:2,(anonymous_1)
FNDA:2,(anonymous_2)
DA:6,3
DA:7,3
DA:8,3
LF:3
LH:3
BRF:0
BRH:0
end_of_record
TN:
SF:tests\SnapShotTests\testComponentChild.js
FN:4,TestComponentChild
FNF:1
FNH:0
FNDA:0,TestComponentChild
DA:5,0
LF:1
LH:0
BRF:0
BRH:0
end_of_record
